2024-04-08 15:28:19 INFO  BaseClass:14 - URL opened
  2024-04-08 15:28:20 INFO  BaseClass:17 - Entered User Name
  2024-04-08 15:28:20 INFO  BaseClass:19 - Entered Password
  2024-04-08 15:28:20 INFO  BaseClass:21 - Clicked Submit
  2024-04-08 19:07:44 INFO  BaseClass:14 - URL opened
  2024-04-08 19:08:30 INFO  BaseClass:14 - URL opened
  2024-04-08 19:08:31 INFO  BaseClass:17 - Entered User Name
  2024-04-08 19:08:31 INFO  BaseClass:19 - Entered Password
  2024-04-08 19:08:33 INFO  BaseClass:21 - Clicked Submit
  2024-04-08 19:08:36 INFO  BaseClass:26 - Login test successfull
  2024-04-09 10:44:07 INFO  BaseClass:14 - URL opened
  2024-04-09 10:44:09 INFO  BaseClass:17 - Entered User Name
  2024-04-09 10:44:10 INFO  BaseClass:19 - Entered Password
  2024-04-09 10:44:13 INFO  BaseClass:21 - Clicked Submit
  2024-04-09 10:44:13 INFO  BaseClass:26 - Login test successfull
  2024-04-09 10:46:38 INFO  BaseClass:14 - URL opened
  2024-04-09 10:46:42 INFO  BaseClass:17 - Entered User Name
  2024-04-09 10:46:43 INFO  BaseClass:19 - Entered Password
  2024-04-09 10:46:55 INFO  BaseClass:21 - Clicked Submit
  2024-04-09 10:46:55 INFO  BaseClass:26 - Login test successfull
  2024-04-09 11:53:04 INFO  BaseClass:14 - URL opened
  2024-04-09 11:53:12 INFO  BaseClass:17 - Entered User Name
  2024-04-09 11:53:12 INFO  BaseClass:19 - Entered Password
  2024-04-09 11:53:17 INFO  BaseClass:21 - Clicked Submit
  2024-04-09 11:53:17 INFO  BaseClass:26 - Login test successfull
  2024-04-09 15:22:14 INFO  BaseClass:14 - URL opened
  2024-04-09 15:23:11 INFO  BaseClass:14 - URL opened
  2024-04-09 15:23:12 INFO  BaseClass:17 - Entered User Name
  2024-04-09 15:23:12 INFO  BaseClass:19 - Entered Password
  2024-04-09 15:23:15 INFO  BaseClass:21 - Clicked Submit
  2024-04-09 15:23:15 INFO  BaseClass:26 - Login test successfull
  2024-04-09 15:40:23 INFO  BaseClass:17 - URL opened
  2024-04-09 15:40:24 INFO  BaseClass:20 - Entered User Name
  2024-04-09 15:40:25 INFO  BaseClass:22 - Entered Password
  2024-04-09 15:40:35 INFO  BaseClass:24 - Clicked Submit
  2024-04-09 17:19:16 INFO  BaseClass:17 - URL opened
  2024-04-09 17:19:29 INFO  BaseClass:20 - Entered User Name
  2024-04-09 17:19:29 INFO  BaseClass:22 - Entered Password
  2024-04-09 17:19:43 INFO  BaseClass:24 - Clicked Submit
  2024-04-09 17:19:43 INFO  BaseClass:29 - Login test successfull
  2024-04-10 14:33:02 INFO  BaseClass:17 - URL opened
  2024-04-10 14:33:12 INFO  BaseClass:20 - Entered User Name
  2024-04-10 14:33:12 INFO  BaseClass:22 - Entered Password
  2024-04-10 14:33:22 INFO  BaseClass:24 - Clicked Submit
  2024-04-10 14:33:22 INFO  BaseClass:29 - Login test successfull
  2024-04-10 14:38:33 INFO  BaseClass:18 - User name provided
  2024-04-10 14:38:34 INFO  BaseClass:20 - Password provided
  2024-04-10 14:38:38 INFO  BaseClass:22 - Clicked on Submit
  2024-04-10 14:38:51 INFO  BaseClass:29 - Providing customer details
  2024-04-10 14:46:15 INFO  BaseClass:18 - User name provided
  2024-04-10 14:46:15 INFO  BaseClass:20 - Password provided
  2024-04-10 14:46:20 INFO  BaseClass:22 - Clicked on Submit
  2024-04-10 14:46:30 INFO  BaseClass:29 - Providing customer details
  2024-04-10 14:48:08 INFO  BaseClass:18 - User name provided
  2024-04-10 14:48:08 INFO  BaseClass:20 - Password provided
  2024-04-10 14:48:13 INFO  BaseClass:22 - Clicked on Submit
  2024-04-10 14:48:16 INFO  BaseClass:29 - Providing customer details
  2024-04-10 14:59:49 INFO  BaseClass:18 - User name provided
  2024-04-10 14:59:49 INFO  BaseClass:20 - Password provided
  2024-04-10 14:59:52 INFO  BaseClass:22 - Clicked on Submit
  2024-04-10 14:59:56 INFO  BaseClass:29 - Providing customer details
  2024-04-11 13:43:59 INFO  BaseClass:20 - User name provided
  2024-04-11 13:43:59 INFO  BaseClass:22 - Password provided
  2024-04-11 13:44:09 INFO  BaseClass:24 - Clicked on Submit
  2024-04-11 13:44:13 INFO  BaseClass:31 - Providing customer details
  2024-04-11 14:08:12 INFO  BaseClass:20 - User name provided
  2024-04-11 14:08:12 INFO  BaseClass:22 - Password provided
  2024-04-11 14:08:19 INFO  BaseClass:24 - Clicked on Submit
  2024-04-11 14:08:22 INFO  BaseClass:31 - Providing customer details
  2024-04-11 14:13:40 INFO  BaseClass:20 - User name provided
  2024-04-11 14:13:40 INFO  BaseClass:22 - Password provided
  2024-04-11 17:47:17 INFO  BaseClass:17 - URL opened
  2024-04-11 17:47:26 INFO  BaseClass:20 - Entered User Name
  2024-04-11 17:47:26 INFO  BaseClass:22 - Entered Password
  2024-04-11 17:48:53 INFO  BaseClass:24 - Clicked Submit
  2024-04-11 17:48:54 INFO  BaseClass:29 - Login test successfull
  